11/05/2021 05:31:16 PM And this, too
11/05/2021 05:31:16 PM And non-ASCII stuff, too, like Øresund and Malmö
11/05/2021 05:36:08 PM This message should go to the log file
11/05/2021 05:36:08 PM So should this
11/05/2021 05:36:08 PM And this, too
11/05/2021 05:36:08 PM And non-ASCII stuff, too, like Øresund and Malmö
11/05/2021 05:36:08 PM No config specified, defaulting to first: voc/2007
11/05/2021 05:36:08 PM Load dataset info from /home/tensorflow/Tensorflow/Tensorflow_datasets/voc/2007/4.0.0
11/05/2021 05:36:08 PM Reusing dataset voc (/home/tensorflow/Tensorflow/Tensorflow_datasets/voc/2007/4.0.0)
11/05/2021 05:36:08 PM Constructing tf.data.Dataset voc for split ['train', 'validation', 'test'], from /home/tensorflow/Tensorflow/Tensorflow_datasets/voc/2007/4.0.0
11/05/2021 05:36:08 PM This is a test....
11/05/2021 05:38:34 PM This message should go to the log file
11/05/2021 05:38:34 PM So should this
11/05/2021 05:38:34 PM And this, too
11/05/2021 05:38:34 PM And non-ASCII stuff, too, like Øresund and Malmö
11/05/2021 05:38:34 PM No config specified, defaulting to first: voc/2007
11/05/2021 05:38:34 PM Load dataset info from /home/tensorflow/Tensorflow/Tensorflow_datasets/voc/2007/4.0.0
11/05/2021 05:38:34 PM Reusing dataset voc (/home/tensorflow/Tensorflow/Tensorflow_datasets/voc/2007/4.0.0)
11/05/2021 05:38:34 PM Constructing tf.data.Dataset voc for split ['train', 'validation', 'test'], from /home/tensorflow/Tensorflow/Tensorflow_datasets/voc/2007/4.0.0
11/05/2021 05:38:35 PM {
    "name":"voc",
    "full_name":"voc/2007/4.0.0",
    "description":"This dataset contains the data from the PASCAL Visual Object Classes Challenge,\ncorresponding to the Classification and Detection competitions.\n\nIn the Classification competition, the goal is to predict the set of labels\ncontained in the image, while in the Detection competition the goal is to\npredict the bounding box and label of each individual object.\nWARNING: As per the official dataset, the test set of VOC2012 does not contain\nannotations.",
    "homepage":"http://host.robots.ox.ac.uk/pascal/VOC/voc2007/",
    "data_path":"/home/tensorflow/Tensorflow/Tensorflow_datasets/voc/2007/4.0.0",
    "download_size":911052800,
    "dataset_size":878420979,
    "features":{
        "type":"tensorflow_datasets.core.features.features_dict.FeaturesDict",
        "content":{
            "image":{
                "type":"tensorflow_datasets.core.features.image_feature.Image",
                "content":{
                    "shape":[
                        null,
                        null,
                        3
                    ],
                    "dtype":"uint8",
                    "encoding_format":null,
                    "use_colormap":false
                }
            },
            "image/filename":{
                "type":"tensorflow_datasets.core.features.text_feature.Text",
                "content":{}
            },
            "objects":{
                "type":"tensorflow_datasets.core.features.sequence_feature.Sequence",
                "content":{
                    "feature":{
                        "type":"tensorflow_datasets.core.features.features_dict.FeaturesDict",
                        "content":{
                            "label":{
                                "type":"tensorflow_datasets.core.features.class_label_feature.ClassLabel",
                                "content":{
                                    "num_classes":20
                                }
                            },
                            "bbox":{
                                "type":"tensorflow_datasets.core.features.bounding_boxes.BBoxFeature",
                                "content":{}
                            },
                            "pose":{
                                "type":"tensorflow_datasets.core.features.class_label_feature.ClassLabel",
                                "content":{
                                    "num_classes":5
                                }
                            },
                            "is_truncated":{
                                "type":"tensorflow_datasets.core.features.tensor_feature.Tensor",
                                "content":{
                                    "shape":[],
                                    "dtype":"bool",
                                    "encoding":"none"
                                }
                            },
                            "is_difficult":{
                                "type":"tensorflow_datasets.core.features.tensor_feature.Tensor",
                                "content":{
                                    "shape":[],
                                    "dtype":"bool",
                                    "encoding":"none"
                                }
                            }
                        }
                    },
                    "length":null
                }
            },
            "labels":{
                "type":"tensorflow_datasets.core.features.sequence_feature.Sequence",
                "content":{
                    "feature":{
                        "type":"tensorflow_datasets.core.features.class_label_feature.ClassLabel",
                        "content":{
                            "num_classes":20
                        }
                    },
                    "length":null
                }
            },
            "labels_no_difficult":{
                "type":"tensorflow_datasets.core.features.sequence_feature.Sequence",
                "content":{
                    "feature":{
                        "type":"tensorflow_datasets.core.features.class_label_feature.ClassLabel",
                        "content":{
                            "num_classes":20
                        }
                    },
                    "length":null
                }
            }
        }
    },
    "supervised_keys":null,
    "disable_shuffling":false,
    "splits":"\"dict_items([('test', <SplitInfo num_examples=4952, num_shards=4>), ('train', <SplitInfo num_examples=2501, num_shards=2>), ('validation', <SplitInfo num_examples=2510, num_shards=2>)])\"",
    "citation":"@misc{pascal-voc-2007,\n\tauthor = \"Everingham, M. and Van~Gool, L. and Williams, C. K. I. and Winn, J. and Zisserman, A.\",\n\ttitle = \"The {PASCAL} {V}isual {O}bject {C}lasses {C}hallenge 2007 {(VOC2007)} {R}esults\",\n\thowpublished = \"http://www.pascal-network.org/challenges/VOC/voc2007/workshop/index.html\"}"
}
11/05/2021 05:38:35 PM {
    "name":"voc",
    "full_name":"voc/2007/4.0.0",
    "description":"This dataset contains the data from the PASCAL Visual Object Classes Challenge,\ncorresponding to the Classification and Detection competitions.\n\nIn the Classification competition, the goal is to predict the set of labels\ncontained in the image, while in the Detection competition the goal is to\npredict the bounding box and label of each individual object.\nWARNING: As per the official dataset, the test set of VOC2012 does not contain\nannotations.",
    "homepage":"http://host.robots.ox.ac.uk/pascal/VOC/voc2007/",
    "data_path":"/home/tensorflow/Tensorflow/Tensorflow_datasets/voc/2007/4.0.0",
    "download_size":911052800,
    "dataset_size":878420979,
    "features":{
        "type":"tensorflow_datasets.core.features.features_dict.FeaturesDict",
        "content":{
            "image":{
                "type":"tensorflow_datasets.core.features.image_feature.Image",
                "content":{
                    "shape":[
                        null,
                        null,
                        3
                    ],
                    "dtype":"uint8",
                    "encoding_format":null,
                    "use_colormap":false
                }
            },
            "image/filename":{
                "type":"tensorflow_datasets.core.features.text_feature.Text",
                "content":{}
            },
            "objects":{
                "type":"tensorflow_datasets.core.features.sequence_feature.Sequence",
                "content":{
                    "feature":{
                        "type":"tensorflow_datasets.core.features.features_dict.FeaturesDict",
                        "content":{
                            "label":{
                                "type":"tensorflow_datasets.core.features.class_label_feature.ClassLabel",
                                "content":{
                                    "num_classes":20
                                }
                            },
                            "bbox":{
                                "type":"tensorflow_datasets.core.features.bounding_boxes.BBoxFeature",
                                "content":{}
                            },
                            "pose":{
                                "type":"tensorflow_datasets.core.features.class_label_feature.ClassLabel",
                                "content":{
                                    "num_classes":5
                                }
                            },
                            "is_truncated":{
                                "type":"tensorflow_datasets.core.features.tensor_feature.Tensor",
                                "content":{
                                    "shape":[],
                                    "dtype":"bool",
                                    "encoding":"none"
                                }
                            },
                            "is_difficult":{
                                "type":"tensorflow_datasets.core.features.tensor_feature.Tensor",
                                "content":{
                                    "shape":[],
                                    "dtype":"bool",
                                    "encoding":"none"
                                }
                            }
                        }
                    },
                    "length":null
                }
            },
            "labels":{
                "type":"tensorflow_datasets.core.features.sequence_feature.Sequence",
                "content":{
                    "feature":{
                        "type":"tensorflow_datasets.core.features.class_label_feature.ClassLabel",
                        "content":{
                            "num_classes":20
                        }
                    },
                    "length":null
                }
            },
            "labels_no_difficult":{
                "type":"tensorflow_datasets.core.features.sequence_feature.Sequence",
                "content":{
                    "feature":{
                        "type":"tensorflow_datasets.core.features.class_label_feature.ClassLabel",
                        "content":{
                            "num_classes":20
                        }
                    },
                    "length":null
                }
            }
        }
    },
    "supervised_keys":null,
    "disable_shuffling":false,
    "splits":"\"dict_items([('test', <SplitInfo num_examples=4952, num_shards=4>), ('train', <SplitInfo num_examples=2501, num_shards=2>), ('validation', <SplitInfo num_examples=2510, num_shards=2>)])\"",
    "citation":"@misc{pascal-voc-2007,\n\tauthor = \"Everingham, M. and Van~Gool, L. and Williams, C. K. I. and Winn, J. and Zisserman, A.\",\n\ttitle = \"The {PASCAL} {V}isual {O}bject {C}lasses {C}hallenge 2007 {(VOC2007)} {R}esults\",\n\thowpublished = \"http://www.pascal-network.org/challenges/VOC/voc2007/workshop/index.html\"}"
}
11/05/2021 05:38:35 PM This is a test....
11/05/2021 06:49:17 PM This message should go to the log file
11/05/2021 06:49:17 PM So should this
11/05/2021 06:49:17 PM And this, too
11/05/2021 06:49:17 PM And non-ASCII stuff, too, like Øresund and Malmö
11/05/2021 06:49:17 PM No config specified, defaulting to first: voc/2007
11/05/2021 06:49:17 PM Load dataset info from /home/tensorflow/Tensorflow/Tensorflow_datasets/voc/2007/4.0.0
11/05/2021 06:49:17 PM Reusing dataset voc (/home/tensorflow/Tensorflow/Tensorflow_datasets/voc/2007/4.0.0)
11/05/2021 06:49:17 PM Constructing tf.data.Dataset voc for split ['train', 'validation', 'test'], from /home/tensorflow/Tensorflow/Tensorflow_datasets/voc/2007/4.0.0
11/05/2021 02:59:46 PM This message should go to the log file
11/05/2021 02:59:46 PM So should this
11/05/2021 02:59:46 PM And this, too
11/05/2021 02:59:46 PM And non-ASCII stuff, too, like Øresund and Malmö
11/05/2021 02:59:46 PM No config specified, defaulting to first: voc/2007
11/05/2021 02:59:46 PM Load dataset info from /home/dalexander/SynologyDrive/Repos/Tensorflow/Tensorflow_datasets/voc/2007/4.0.0
11/05/2021 02:59:46 PM Reusing dataset voc (/home/dalexander/SynologyDrive/Repos/Tensorflow/Tensorflow_datasets/voc/2007/4.0.0)
11/05/2021 02:59:46 PM Constructing tf.data.Dataset voc for split ['train', 'validation', 'test'], from /home/dalexander/SynologyDrive/Repos/Tensorflow/Tensorflow_datasets/voc/2007/4.0.0
11/05/2021 03:01:35 PM This message should go to the log file
11/05/2021 03:01:35 PM So should this
11/05/2021 03:01:35 PM And this, too
11/05/2021 03:01:35 PM And non-ASCII stuff, too, like Øresund and Malmö
11/05/2021 03:01:35 PM No config specified, defaulting to first: voc/2007
11/05/2021 03:01:35 PM Load dataset info from /home/dalexander/SynologyDrive/Repos/Tensorflow/Tensorflow_datasets/voc/2007/4.0.0
11/05/2021 03:01:35 PM Reusing dataset voc (/home/dalexander/SynologyDrive/Repos/Tensorflow/Tensorflow_datasets/voc/2007/4.0.0)
11/05/2021 03:01:35 PM Constructing tf.data.Dataset voc for split ['train', 'validation', 'test'], from /home/dalexander/SynologyDrive/Repos/Tensorflow/Tensorflow_datasets/voc/2007/4.0.0
11/05/2021 03:06:25 PM This message should go to the log file
11/05/2021 03:06:25 PM So should this
11/05/2021 03:06:25 PM And this, too
11/05/2021 03:06:25 PM And non-ASCII stuff, too, like Øresund and Malmö
11/05/2021 03:06:25 PM No config specified, defaulting to first: voc/2007
11/05/2021 03:06:25 PM Load dataset info from /home/dalexander/SynologyDrive/Repos/Tensorflow/Tensorflow_datasets/voc/2007/4.0.0
11/05/2021 03:06:25 PM Reusing dataset voc (/home/dalexander/SynologyDrive/Repos/Tensorflow/Tensorflow_datasets/voc/2007/4.0.0)
11/05/2021 03:06:25 PM Constructing tf.data.Dataset voc for split ['train', 'validation', 'test'], from /home/dalexander/SynologyDrive/Repos/Tensorflow/Tensorflow_datasets/voc/2007/4.0.0
11/05/2021 03:06:44 PM This message should go to the log file
11/05/2021 03:06:44 PM So should this
11/05/2021 03:06:44 PM And this, too
11/05/2021 03:06:44 PM And non-ASCII stuff, too, like Øresund and Malmö
11/05/2021 03:06:44 PM No config specified, defaulting to first: voc/2007
11/05/2021 03:06:44 PM Load dataset info from /home/dalexander/SynologyDrive/Repos/Tensorflow/Tensorflow_datasets/voc/2007/4.0.0
11/05/2021 03:06:44 PM Reusing dataset voc (/home/dalexander/SynologyDrive/Repos/Tensorflow/Tensorflow_datasets/voc/2007/4.0.0)
11/05/2021 03:06:44 PM Constructing tf.data.Dataset voc for split ['train', 'validation', 'test'], from /home/dalexander/SynologyDrive/Repos/Tensorflow/Tensorflow_datasets/voc/2007/4.0.0
11/05/2021 03:08:47 PM This message should go to the log file
11/05/2021 03:08:47 PM So should this
11/05/2021 03:08:47 PM And this, too
11/05/2021 03:08:47 PM And non-ASCII stuff, too, like Øresund and Malmö
11/05/2021 03:08:47 PM No config specified, defaulting to first: voc/2007
11/05/2021 03:08:47 PM Load dataset info from /home/dalexander/SynologyDrive/Repos/Tensorflow/Tensorflow_datasets/voc/2007/4.0.0
11/05/2021 03:08:47 PM Reusing dataset voc (/home/dalexander/SynologyDrive/Repos/Tensorflow/Tensorflow_datasets/voc/2007/4.0.0)
11/05/2021 03:08:47 PM Constructing tf.data.Dataset voc for split ['train', 'validation', 'test'], from /home/dalexander/SynologyDrive/Repos/Tensorflow/Tensorflow_datasets/voc/2007/4.0.0
11/05/2021 03:16:23 PM This message should go to the log file
11/05/2021 03:16:23 PM So should this
11/05/2021 03:16:23 PM And this, too
11/05/2021 03:16:23 PM And non-ASCII stuff, too, like Øresund and Malmö
11/05/2021 03:16:23 PM No config specified, defaulting to first: voc/2007
11/05/2021 03:16:23 PM Load dataset info from /home/dalexander/SynologyDrive/Repos/Tensorflow/Tensorflow_datasets/voc/2007/4.0.0
11/05/2021 03:16:23 PM Reusing dataset voc (/home/dalexander/SynologyDrive/Repos/Tensorflow/Tensorflow_datasets/voc/2007/4.0.0)
11/05/2021 03:16:23 PM Constructing tf.data.Dataset voc for split ['train', 'validation', 'test'], from /home/dalexander/SynologyDrive/Repos/Tensorflow/Tensorflow_datasets/voc/2007/4.0.0
11/05/2021 04:55:33 PM This message should go to the log file
11/05/2021 04:55:33 PM So should this
11/05/2021 04:55:33 PM And this, too
11/05/2021 04:55:33 PM And non-ASCII stuff, too, like Øresund and Malmö
11/05/2021 04:55:33 PM No config specified, defaulting to first: voc/2007
11/05/2021 04:55:33 PM Load dataset info from /home/dalexander/SynologyDrive/Repos/Tensorflow/Tensorflow_datasets/voc/2007/4.0.0
11/05/2021 04:55:33 PM Reusing dataset voc (/home/dalexander/SynologyDrive/Repos/Tensorflow/Tensorflow_datasets/voc/2007/4.0.0)
11/05/2021 04:55:33 PM Constructing tf.data.Dataset voc for split ['train', 'validation', 'test'], from /home/dalexander/SynologyDrive/Repos/Tensorflow/Tensorflow_datasets/voc/2007/4.0.0
11/05/2021 05:04:37 PM This message should go to the log file
11/05/2021 05:04:37 PM So should this
11/05/2021 05:04:37 PM And this, too
11/05/2021 05:04:37 PM And non-ASCII stuff, too, like Øresund and Malmö
11/05/2021 05:04:37 PM No config specified, defaulting to first: voc/2007
11/05/2021 05:04:37 PM Load dataset info from /home/dalexander/SynologyDrive/Repos/Tensorflow/Tensorflow_datasets/voc/2007/4.0.0
11/05/2021 05:04:37 PM Reusing dataset voc (/home/dalexander/SynologyDrive/Repos/Tensorflow/Tensorflow_datasets/voc/2007/4.0.0)
11/05/2021 05:04:37 PM Constructing tf.data.Dataset voc for split ['train', 'validation', 'test'], from /home/dalexander/SynologyDrive/Repos/Tensorflow/Tensorflow_datasets/voc/2007/4.0.0
11/05/2021 05:05:21 PM This message should go to the log file
11/05/2021 05:05:21 PM So should this
11/05/2021 05:05:21 PM And this, too
11/05/2021 05:05:21 PM And non-ASCII stuff, too, like Øresund and Malmö
11/05/2021 05:05:21 PM No config specified, defaulting to first: voc/2007
11/05/2021 05:05:21 PM Load dataset info from /home/dalexander/SynologyDrive/Repos/Tensorflow/Tensorflow_datasets/voc/2007/4.0.0
11/05/2021 05:05:21 PM Reusing dataset voc (/home/dalexander/SynologyDrive/Repos/Tensorflow/Tensorflow_datasets/voc/2007/4.0.0)
11/05/2021 05:05:21 PM Constructing tf.data.Dataset voc for split ['train', 'validation', 'test'], from /home/dalexander/SynologyDrive/Repos/Tensorflow/Tensorflow_datasets/voc/2007/4.0.0
11/05/2021 05:06:15 PM This message should go to the log file
11/05/2021 05:06:15 PM So should this
11/05/2021 05:06:15 PM And this, too
11/05/2021 05:06:15 PM And non-ASCII stuff, too, like Øresund and Malmö
11/05/2021 05:06:15 PM No config specified, defaulting to first: voc/2007
11/05/2021 05:06:15 PM Load dataset info from /home/dalexander/SynologyDrive/Repos/Tensorflow/Tensorflow_datasets/voc/2007/4.0.0
11/05/2021 05:06:15 PM Reusing dataset voc (/home/dalexander/SynologyDrive/Repos/Tensorflow/Tensorflow_datasets/voc/2007/4.0.0)
11/05/2021 05:06:15 PM Constructing tf.data.Dataset voc for split ['train', 'validation', 'test'], from /home/dalexander/SynologyDrive/Repos/Tensorflow/Tensorflow_datasets/voc/2007/4.0.0
11/05/2021 05:06:44 PM This message should go to the log file
11/05/2021 05:06:44 PM So should this
11/05/2021 05:06:44 PM And this, too
11/05/2021 05:06:44 PM And non-ASCII stuff, too, like Øresund and Malmö
11/05/2021 05:06:44 PM No config specified, defaulting to first: voc/2007
11/05/2021 05:06:44 PM Load dataset info from /home/dalexander/SynologyDrive/Repos/Tensorflow/Tensorflow_datasets/voc/2007/4.0.0
11/05/2021 05:06:44 PM Reusing dataset voc (/home/dalexander/SynologyDrive/Repos/Tensorflow/Tensorflow_datasets/voc/2007/4.0.0)
11/05/2021 05:06:44 PM Constructing tf.data.Dataset voc for split ['train', 'validation', 'test'], from /home/dalexander/SynologyDrive/Repos/Tensorflow/Tensorflow_datasets/voc/2007/4.0.0
11/05/2021 05:07:01 PM This message should go to the log file
11/05/2021 05:07:01 PM So should this
11/05/2021 05:07:01 PM And this, too
11/05/2021 05:07:01 PM And non-ASCII stuff, too, like Øresund and Malmö
11/05/2021 05:07:01 PM No config specified, defaulting to first: voc/2007
11/05/2021 05:07:01 PM Load dataset info from /home/dalexander/SynologyDrive/Repos/Tensorflow/Tensorflow_datasets/voc/2007/4.0.0
11/05/2021 05:07:01 PM Reusing dataset voc (/home/dalexander/SynologyDrive/Repos/Tensorflow/Tensorflow_datasets/voc/2007/4.0.0)
11/05/2021 05:07:01 PM Constructing tf.data.Dataset voc for split ['train', 'validation', 'test'], from /home/dalexander/SynologyDrive/Repos/Tensorflow/Tensorflow_datasets/voc/2007/4.0.0
11/05/2021 05:07:36 PM This message should go to the log file
11/05/2021 05:07:36 PM So should this
11/05/2021 05:07:36 PM And this, too
11/05/2021 05:07:36 PM And non-ASCII stuff, too, like Øresund and Malmö
11/05/2021 05:07:36 PM No config specified, defaulting to first: voc/2007
11/05/2021 05:07:36 PM Load dataset info from /home/dalexander/SynologyDrive/Repos/Tensorflow/Tensorflow_datasets/voc/2007/4.0.0
11/05/2021 05:07:36 PM Reusing dataset voc (/home/dalexander/SynologyDrive/Repos/Tensorflow/Tensorflow_datasets/voc/2007/4.0.0)
11/05/2021 05:07:36 PM Constructing tf.data.Dataset voc for split ['train', 'validation', 'test'], from /home/dalexander/SynologyDrive/Repos/Tensorflow/Tensorflow_datasets/voc/2007/4.0.0
11/05/2021 05:08:14 PM This message should go to the log file
11/05/2021 05:08:14 PM So should this
11/05/2021 05:08:14 PM And this, too
11/05/2021 05:08:14 PM And non-ASCII stuff, too, like Øresund and Malmö
11/05/2021 05:08:14 PM No config specified, defaulting to first: voc/2007
11/05/2021 05:08:14 PM Load dataset info from /home/dalexander/SynologyDrive/Repos/Tensorflow/Tensorflow_datasets/voc/2007/4.0.0
11/05/2021 05:08:14 PM Reusing dataset voc (/home/dalexander/SynologyDrive/Repos/Tensorflow/Tensorflow_datasets/voc/2007/4.0.0)
11/05/2021 05:08:14 PM Constructing tf.data.Dataset voc for split ['train', 'validation', 'test'], from /home/dalexander/SynologyDrive/Repos/Tensorflow/Tensorflow_datasets/voc/2007/4.0.0
11/05/2021 05:14:45 PM This message should go to the log file
11/05/2021 05:14:45 PM So should this
11/05/2021 05:14:45 PM And this, too
11/05/2021 05:14:45 PM And non-ASCII stuff, too, like Øresund and Malmö
11/05/2021 05:14:45 PM No config specified, defaulting to first: voc/2007
11/05/2021 05:14:45 PM Load dataset info from /home/dalexander/SynologyDrive/Repos/Tensorflow/Tensorflow_datasets/voc/2007/4.0.0
11/05/2021 05:14:45 PM Reusing dataset voc (/home/dalexander/SynologyDrive/Repos/Tensorflow/Tensorflow_datasets/voc/2007/4.0.0)
11/05/2021 05:14:45 PM Constructing tf.data.Dataset voc for split ['train', 'validation', 'test'], from /home/dalexander/SynologyDrive/Repos/Tensorflow/Tensorflow_datasets/voc/2007/4.0.0
11/05/2021 05:15:28 PM This message should go to the log file
11/05/2021 05:15:28 PM So should this
11/05/2021 05:15:28 PM And this, too
11/05/2021 05:15:28 PM And non-ASCII stuff, too, like Øresund and Malmö
11/05/2021 05:15:28 PM No config specified, defaulting to first: voc/2007
11/05/2021 05:15:28 PM Load dataset info from /home/dalexander/SynologyDrive/Repos/Tensorflow/Tensorflow_datasets/voc/2007/4.0.0
11/05/2021 05:15:28 PM Reusing dataset voc (/home/dalexander/SynologyDrive/Repos/Tensorflow/Tensorflow_datasets/voc/2007/4.0.0)
11/05/2021 05:15:28 PM Constructing tf.data.Dataset voc for split ['train', 'validation', 'test'], from /home/dalexander/SynologyDrive/Repos/Tensorflow/Tensorflow_datasets/voc/2007/4.0.0
11/05/2021 05:21:00 PM This message should go to the log file
11/05/2021 05:21:00 PM So should this
11/05/2021 05:21:00 PM And this, too
11/05/2021 05:21:00 PM And non-ASCII stuff, too, like Øresund and Malmö
11/05/2021 05:21:00 PM No config specified, defaulting to first: voc/2007
11/05/2021 05:21:00 PM Load dataset info from /home/dalexander/SynologyDrive/Repos/Tensorflow/Tensorflow_datasets/voc/2007/4.0.0
11/05/2021 05:21:00 PM Reusing dataset voc (/home/dalexander/SynologyDrive/Repos/Tensorflow/Tensorflow_datasets/voc/2007/4.0.0)
11/05/2021 05:21:00 PM Constructing tf.data.Dataset voc for split ['train', 'validation', 'test'], from /home/dalexander/SynologyDrive/Repos/Tensorflow/Tensorflow_datasets/voc/2007/4.0.0
11/05/2021 05:22:33 PM This message should go to the log file
11/05/2021 05:22:33 PM So should this
11/05/2021 05:22:33 PM And this, too
11/05/2021 05:22:33 PM And non-ASCII stuff, too, like Øresund and Malmö
11/05/2021 05:22:33 PM No config specified, defaulting to first: voc/2007
11/05/2021 05:22:33 PM Load dataset info from /home/dalexander/SynologyDrive/Repos/Tensorflow/Tensorflow_datasets/voc/2007/4.0.0
11/05/2021 05:22:33 PM Reusing dataset voc (/home/dalexander/SynologyDrive/Repos/Tensorflow/Tensorflow_datasets/voc/2007/4.0.0)
11/05/2021 05:22:33 PM Constructing tf.data.Dataset voc for split ['train', 'validation', 'test'], from /home/dalexander/SynologyDrive/Repos/Tensorflow/Tensorflow_datasets/voc/2007/4.0.0
11/05/2021 05:23:24 PM This message should go to the log file
11/05/2021 05:23:24 PM So should this
11/05/2021 05:23:24 PM And this, too
11/05/2021 05:23:24 PM And non-ASCII stuff, too, like Øresund and Malmö
11/05/2021 05:23:24 PM No config specified, defaulting to first: voc/2007
11/05/2021 05:23:24 PM Load dataset info from /home/dalexander/SynologyDrive/Repos/Tensorflow/Tensorflow_datasets/voc/2007/4.0.0
11/05/2021 05:23:24 PM Reusing dataset voc (/home/dalexander/SynologyDrive/Repos/Tensorflow/Tensorflow_datasets/voc/2007/4.0.0)
11/05/2021 05:23:24 PM Constructing tf.data.Dataset voc for split ['train', 'validation', 'test'], from /home/dalexander/SynologyDrive/Repos/Tensorflow/Tensorflow_datasets/voc/2007/4.0.0
11/05/2021 05:24:11 PM This message should go to the log file
11/05/2021 05:24:11 PM So should this
11/05/2021 05:24:11 PM And this, too
11/05/2021 05:24:11 PM And non-ASCII stuff, too, like Øresund and Malmö
11/05/2021 05:24:11 PM No config specified, defaulting to first: voc/2007
11/05/2021 05:24:11 PM Load dataset info from /home/dalexander/SynologyDrive/Repos/Tensorflow/Tensorflow_datasets/voc/2007/4.0.0
11/05/2021 05:24:11 PM Reusing dataset voc (/home/dalexander/SynologyDrive/Repos/Tensorflow/Tensorflow_datasets/voc/2007/4.0.0)
11/05/2021 05:24:11 PM Constructing tf.data.Dataset voc for split ['train', 'validation', 'test'], from /home/dalexander/SynologyDrive/Repos/Tensorflow/Tensorflow_datasets/voc/2007/4.0.0
11/05/2021 05:39:34 PM This message should go to the log file
11/05/2021 05:39:34 PM So should this
11/05/2021 05:39:34 PM And this, too
11/05/2021 05:39:34 PM And non-ASCII stuff, too, like Øresund and Malmö
11/05/2021 05:39:35 PM No config specified, defaulting to first: voc/2007
11/05/2021 05:39:35 PM Load dataset info from /home/dalexander/SynologyDrive/Repos/Tensorflow/Tensorflow_datasets/voc/2007/4.0.0
11/05/2021 05:39:35 PM Reusing dataset voc (/home/dalexander/SynologyDrive/Repos/Tensorflow/Tensorflow_datasets/voc/2007/4.0.0)
11/05/2021 05:39:35 PM Constructing tf.data.Dataset voc for split ['train', 'validation', 'test'], from /home/dalexander/SynologyDrive/Repos/Tensorflow/Tensorflow_datasets/voc/2007/4.0.0
11/05/2021 05:41:50 PM This message should go to the log file
11/05/2021 05:41:50 PM So should this
11/05/2021 05:41:50 PM And this, too
11/05/2021 05:41:50 PM And non-ASCII stuff, too, like Øresund and Malmö
11/05/2021 05:41:50 PM No config specified, defaulting to first: voc/2007
11/05/2021 05:41:50 PM Load dataset info from /home/dalexander/SynologyDrive/Repos/Tensorflow/Tensorflow_datasets/voc/2007/4.0.0
11/05/2021 05:41:50 PM Reusing dataset voc (/home/dalexander/SynologyDrive/Repos/Tensorflow/Tensorflow_datasets/voc/2007/4.0.0)
11/05/2021 05:41:50 PM Constructing tf.data.Dataset voc for split ['train', 'validation', 'test'], from /home/dalexander/SynologyDrive/Repos/Tensorflow/Tensorflow_datasets/voc/2007/4.0.0
11/05/2021 05:47:11 PM This message should go to the log file
11/05/2021 05:47:11 PM So should this
11/05/2021 05:47:11 PM And this, too
11/05/2021 05:47:11 PM And non-ASCII stuff, too, like Øresund and Malmö
11/05/2021 05:47:11 PM No config specified, defaulting to first: voc/2007
11/05/2021 05:47:11 PM Load dataset info from /home/dalexander/SynologyDrive/Repos/Tensorflow/Tensorflow_datasets/voc/2007/4.0.0
11/05/2021 05:47:11 PM Reusing dataset voc (/home/dalexander/SynologyDrive/Repos/Tensorflow/Tensorflow_datasets/voc/2007/4.0.0)
11/05/2021 05:47:11 PM Constructing tf.data.Dataset voc for split ['train', 'validation', 'test'], from /home/dalexander/SynologyDrive/Repos/Tensorflow/Tensorflow_datasets/voc/2007/4.0.0
11/05/2021 05:52:34 PM This message should go to the log file
11/05/2021 05:52:34 PM So should this
11/05/2021 05:52:34 PM And this, too
11/05/2021 05:52:34 PM And non-ASCII stuff, too, like Øresund and Malmö
11/05/2021 05:52:34 PM No config specified, defaulting to first: voc/2007
11/05/2021 05:52:34 PM Load dataset info from /home/dalexander/SynologyDrive/Repos/Tensorflow/Tensorflow_datasets/voc/2007/4.0.0
11/05/2021 05:52:34 PM Reusing dataset voc (/home/dalexander/SynologyDrive/Repos/Tensorflow/Tensorflow_datasets/voc/2007/4.0.0)
11/05/2021 05:52:34 PM Constructing tf.data.Dataset voc for split ['train', 'validation', 'test'], from /home/dalexander/SynologyDrive/Repos/Tensorflow/Tensorflow_datasets/voc/2007/4.0.0
11/05/2021 05:52:52 PM This message should go to the log file
11/05/2021 05:52:52 PM So should this
11/05/2021 05:52:52 PM And this, too
11/05/2021 05:52:52 PM And non-ASCII stuff, too, like Øresund and Malmö
11/05/2021 05:52:52 PM No config specified, defaulting to first: voc/2007
11/05/2021 05:52:52 PM Load dataset info from /home/dalexander/SynologyDrive/Repos/Tensorflow/Tensorflow_datasets/voc/2007/4.0.0
11/05/2021 05:52:52 PM Reusing dataset voc (/home/dalexander/SynologyDrive/Repos/Tensorflow/Tensorflow_datasets/voc/2007/4.0.0)
11/05/2021 05:52:52 PM Constructing tf.data.Dataset voc for split ['train', 'validation', 'test'], from /home/dalexander/SynologyDrive/Repos/Tensorflow/Tensorflow_datasets/voc/2007/4.0.0
11/05/2021 05:59:52 PM This message should go to the log file
11/05/2021 05:59:52 PM So should this
11/05/2021 05:59:52 PM And this, too
11/05/2021 05:59:52 PM And non-ASCII stuff, too, like Øresund and Malmö
11/05/2021 05:59:52 PM No config specified, defaulting to first: voc/2007
11/05/2021 05:59:52 PM Load dataset info from /home/dalexander/SynologyDrive/Repos/Tensorflow/Tensorflow_datasets/voc/2007/4.0.0
11/05/2021 05:59:52 PM Reusing dataset voc (/home/dalexander/SynologyDrive/Repos/Tensorflow/Tensorflow_datasets/voc/2007/4.0.0)
11/05/2021 05:59:52 PM Constructing tf.data.Dataset voc for split ['train', 'validation', 'test'], from /home/dalexander/SynologyDrive/Repos/Tensorflow/Tensorflow_datasets/voc/2007/4.0.0
11/05/2021 06:27:05 PM This message is a test for log level...DEBUG
11/05/2021 06:27:05 PM This message is a test for log level...INFO
11/05/2021 06:27:05 PM This message is a test for log level...WARNING
11/05/2021 06:27:05 PM This message is a test for log level...ERROR
11/05/2021 06:27:05 PM No config specified, defaulting to first: voc/2007
11/05/2021 06:27:05 PM Load dataset info from /home/dalexander/SynologyDrive/Repos/Tensorflow/Tensorflow_datasets/voc/2007/4.0.0
11/05/2021 06:27:05 PM Reusing dataset voc (/home/dalexander/SynologyDrive/Repos/Tensorflow/Tensorflow_datasets/voc/2007/4.0.0)
11/05/2021 06:27:05 PM Constructing tf.data.Dataset voc for split ['train', 'validation', 'test'], from /home/dalexander/SynologyDrive/Repos/Tensorflow/Tensorflow_datasets/voc/2007/4.0.0
11/05/2021 06:27:05 PM 
Class List:
['aeroplane', 'bicycle', 'bird', 'boat', 'bottle', 'bus', 'car', 'cat', 'chair', 'cow', 'diningtable', 'dog', 'horse', 'motorbike', 'person', 'pottedplant', 'sheep', 'sofa', 'train', 'tvmonitor', '']

11/05/2021 06:36:28 PM This message is a test for log level...DEBUG
11/05/2021 06:36:28 PM This message is a test for log level...INFO
11/05/2021 06:36:28 PM This message is a test for log level...WARNING
11/05/2021 06:36:28 PM This message is a test for log level...ERROR
11/05/2021 06:36:28 PM No config specified, defaulting to first: voc/2007
11/05/2021 06:36:28 PM Load dataset info from /home/dalexander/SynologyDrive/Repos/Tensorflow/Tensorflow_datasets/voc/2007/4.0.0
11/05/2021 06:36:28 PM Reusing dataset voc (/home/dalexander/SynologyDrive/Repos/Tensorflow/Tensorflow_datasets/voc/2007/4.0.0)
11/05/2021 06:36:28 PM Constructing tf.data.Dataset voc for split ['train', 'validation', 'test'], from /home/dalexander/SynologyDrive/Repos/Tensorflow/Tensorflow_datasets/voc/2007/4.0.0
11/05/2021 06:36:28 PM 
Class List:
['aeroplane', 'bicycle', 'bird', 'boat', 'bottle', 'bus', 'car', 'cat', 'chair', 'cow', 'diningtable', 'dog', 'horse', 'motorbike', 'person', 'pottedplant', 'sheep', 'sofa', 'train', 'tvmonitor', '']

11/05/2021 06:51:09 PM This message is a test for log level...DEBUG
11/05/2021 06:51:09 PM This message is a test for log level...INFO
11/05/2021 06:51:09 PM This message is a test for log level...WARNING
11/05/2021 06:51:09 PM This message is a test for log level...ERROR
11/05/2021 06:51:09 PM No config specified, defaulting to first: voc/2007
11/05/2021 06:51:09 PM Load dataset info from /home/dalexander/SynologyDrive/Repos/Tensorflow/Tensorflow_datasets/voc/2007/4.0.0
11/05/2021 06:51:09 PM Reusing dataset voc (/home/dalexander/SynologyDrive/Repos/Tensorflow/Tensorflow_datasets/voc/2007/4.0.0)
11/05/2021 06:51:09 PM Constructing tf.data.Dataset voc for split ['train', 'validation', 'test'], from /home/dalexander/SynologyDrive/Repos/Tensorflow/Tensorflow_datasets/voc/2007/4.0.0
11/05/2021 06:51:09 PM 
Class List:
['aeroplane', 'bicycle', 'bird', 'boat', 'bottle', 'bus', 'car', 'cat', 'chair', 'cow', 'diningtable', 'dog', 'horse', 'motorbike', 'person', 'pottedplant', 'sheep', 'sofa', 'train', 'tvmonitor', '']

11/05/2021 06:51:33 PM This message is a test for log level...DEBUG
11/05/2021 06:51:33 PM This message is a test for log level...INFO
11/05/2021 06:51:33 PM This message is a test for log level...WARNING
11/05/2021 06:51:33 PM This message is a test for log level...ERROR
11/05/2021 06:51:33 PM No config specified, defaulting to first: voc/2007
11/05/2021 06:51:33 PM Load dataset info from /home/dalexander/SynologyDrive/Repos/Tensorflow/Tensorflow_datasets/voc/2007/4.0.0
11/05/2021 06:51:33 PM Reusing dataset voc (/home/dalexander/SynologyDrive/Repos/Tensorflow/Tensorflow_datasets/voc/2007/4.0.0)
11/05/2021 06:51:33 PM Constructing tf.data.Dataset voc for split ['train', 'validation', 'test'], from /home/dalexander/SynologyDrive/Repos/Tensorflow/Tensorflow_datasets/voc/2007/4.0.0
11/05/2021 06:51:33 PM 
Class List:
['aeroplane', 'bicycle', 'bird', 'boat', 'bottle', 'bus', 'car', 'cat', 'chair', 'cow', 'diningtable', 'dog', 'horse', 'motorbike', 'person', 'pottedplant', 'sheep', 'sofa', 'train', 'tvmonitor', '']

11/05/2021 06:55:48 PM This message is a test for log level...DEBUG
11/05/2021 06:55:48 PM This message is a test for log level...INFO
11/05/2021 06:55:48 PM This message is a test for log level...WARNING
11/05/2021 06:55:48 PM This message is a test for log level...ERROR
11/05/2021 06:55:48 PM No config specified, defaulting to first: voc/2007
11/05/2021 06:55:48 PM Load dataset info from /home/dalexander/SynologyDrive/Repos/Tensorflow/Tensorflow_datasets/voc/2007/4.0.0
11/05/2021 06:55:48 PM Reusing dataset voc (/home/dalexander/SynologyDrive/Repos/Tensorflow/Tensorflow_datasets/voc/2007/4.0.0)
11/05/2021 06:55:48 PM Constructing tf.data.Dataset voc for split ['train', 'validation', 'test'], from /home/dalexander/SynologyDrive/Repos/Tensorflow/Tensorflow_datasets/voc/2007/4.0.0
11/05/2021 06:55:48 PM 
Class List:
['aeroplane', 'bicycle', 'bird', 'boat', 'bottle', 'bus', 'car', 'cat', 'chair', 'cow', 'diningtable', 'dog', 'horse', 'motorbike', 'person', 'pottedplant', 'sheep', 'sofa', 'train', 'tvmonitor', '']

11/05/2021 06:56:13 PM This message is a test for log level...DEBUG
11/05/2021 06:56:13 PM This message is a test for log level...INFO
11/05/2021 06:56:13 PM This message is a test for log level...WARNING
11/05/2021 06:56:13 PM This message is a test for log level...ERROR
11/05/2021 06:56:13 PM No config specified, defaulting to first: voc/2007
11/05/2021 06:56:13 PM Load dataset info from /home/dalexander/SynologyDrive/Repos/Tensorflow/Tensorflow_datasets/voc/2007/4.0.0
11/05/2021 06:56:13 PM Reusing dataset voc (/home/dalexander/SynologyDrive/Repos/Tensorflow/Tensorflow_datasets/voc/2007/4.0.0)
11/05/2021 06:56:13 PM Constructing tf.data.Dataset voc for split ['train', 'validation', 'test'], from /home/dalexander/SynologyDrive/Repos/Tensorflow/Tensorflow_datasets/voc/2007/4.0.0
11/05/2021 06:56:13 PM 
Class List:
['aeroplane', 'bicycle', 'bird', 'boat', 'bottle', 'bus', 'car', 'cat', 'chair', 'cow', 'diningtable', 'dog', 'horse', 'motorbike', 'person', 'pottedplant', 'sheep', 'sofa', 'train', 'tvmonitor', '']

11/05/2021 06:56:47 PM This message is a test for log level...DEBUG
11/05/2021 06:56:47 PM This message is a test for log level...INFO
11/05/2021 06:56:47 PM This message is a test for log level...WARNING
11/05/2021 06:56:47 PM This message is a test for log level...ERROR
11/05/2021 06:56:47 PM No config specified, defaulting to first: voc/2007
11/05/2021 06:56:47 PM Load dataset info from /home/dalexander/SynologyDrive/Repos/Tensorflow/Tensorflow_datasets/voc/2007/4.0.0
11/05/2021 06:56:47 PM Reusing dataset voc (/home/dalexander/SynologyDrive/Repos/Tensorflow/Tensorflow_datasets/voc/2007/4.0.0)
11/05/2021 06:56:47 PM Constructing tf.data.Dataset voc for split ['train', 'validation', 'test'], from /home/dalexander/SynologyDrive/Repos/Tensorflow/Tensorflow_datasets/voc/2007/4.0.0
11/05/2021 06:56:47 PM 
Class List:
['aeroplane', 'bicycle', 'bird', 'boat', 'bottle', 'bus', 'car', 'cat', 'chair', 'cow', 'diningtable', 'dog', 'horse', 'motorbike', 'person', 'pottedplant', 'sheep', 'sofa', 'train', 'tvmonitor', '']

11/05/2021 06:57:15 PM This message is a test for log level...DEBUG
11/05/2021 06:57:15 PM This message is a test for log level...INFO
11/05/2021 06:57:15 PM This message is a test for log level...WARNING
11/05/2021 06:57:15 PM This message is a test for log level...ERROR
11/05/2021 06:57:15 PM No config specified, defaulting to first: voc/2007
11/05/2021 06:57:15 PM Load dataset info from /home/dalexander/SynologyDrive/Repos/Tensorflow/Tensorflow_datasets/voc/2007/4.0.0
11/05/2021 06:57:15 PM Reusing dataset voc (/home/dalexander/SynologyDrive/Repos/Tensorflow/Tensorflow_datasets/voc/2007/4.0.0)
11/05/2021 06:57:15 PM Constructing tf.data.Dataset voc for split ['train', 'validation', 'test'], from /home/dalexander/SynologyDrive/Repos/Tensorflow/Tensorflow_datasets/voc/2007/4.0.0
11/05/2021 06:57:15 PM 
Class List:
['aeroplane', 'bicycle', 'bird', 'boat', 'bottle', 'bus', 'car', 'cat', 'chair', 'cow', 'diningtable', 'dog', 'horse', 'motorbike', 'person', 'pottedplant', 'sheep', 'sofa', 'train', 'tvmonitor', '']

11/05/2021 06:59:00 PM This message is a test for log level...DEBUG
11/05/2021 06:59:00 PM This message is a test for log level...INFO
11/05/2021 06:59:00 PM This message is a test for log level...WARNING
11/05/2021 06:59:00 PM This message is a test for log level...ERROR
11/05/2021 06:59:00 PM No config specified, defaulting to first: voc/2007
11/05/2021 06:59:00 PM Load dataset info from /home/dalexander/SynologyDrive/Repos/Tensorflow/Tensorflow_datasets/voc/2007/4.0.0
11/05/2021 06:59:00 PM Reusing dataset voc (/home/dalexander/SynologyDrive/Repos/Tensorflow/Tensorflow_datasets/voc/2007/4.0.0)
11/05/2021 06:59:00 PM Constructing tf.data.Dataset voc for split ['train', 'validation', 'test'], from /home/dalexander/SynologyDrive/Repos/Tensorflow/Tensorflow_datasets/voc/2007/4.0.0
11/05/2021 06:59:00 PM 
Class List:
['aeroplane', 'bicycle', 'bird', 'boat', 'bottle', 'bus', 'car', 'cat', 'chair', 'cow', 'diningtable', 'dog', 'horse', 'motorbike', 'person', 'pottedplant', 'sheep', 'sofa', 'train', 'tvmonitor', '']

11/05/2021 06:59:21 PM This message is a test for log level...DEBUG
11/05/2021 06:59:21 PM This message is a test for log level...INFO
11/05/2021 06:59:21 PM This message is a test for log level...WARNING
11/05/2021 06:59:21 PM This message is a test for log level...ERROR
11/05/2021 06:59:21 PM No config specified, defaulting to first: voc/2007
11/05/2021 06:59:21 PM Load dataset info from /home/dalexander/SynologyDrive/Repos/Tensorflow/Tensorflow_datasets/voc/2007/4.0.0
11/05/2021 06:59:21 PM Reusing dataset voc (/home/dalexander/SynologyDrive/Repos/Tensorflow/Tensorflow_datasets/voc/2007/4.0.0)
11/05/2021 06:59:21 PM Constructing tf.data.Dataset voc for split ['train', 'validation', 'test'], from /home/dalexander/SynologyDrive/Repos/Tensorflow/Tensorflow_datasets/voc/2007/4.0.0
11/05/2021 06:59:21 PM 
Class List:
['aeroplane', 'bicycle', 'bird', 'boat', 'bottle', 'bus', 'car', 'cat', 'chair', 'cow', 'diningtable', 'dog', 'horse', 'motorbike', 'person', 'pottedplant', 'sheep', 'sofa', 'train', 'tvmonitor', '']

11/05/2021 07:00:40 PM This message is a test for log level...DEBUG
11/05/2021 07:00:40 PM This message is a test for log level...INFO
11/05/2021 07:00:40 PM This message is a test for log level...WARNING
11/05/2021 07:00:40 PM This message is a test for log level...ERROR
11/05/2021 07:00:40 PM No config specified, defaulting to first: voc/2007
11/05/2021 07:00:40 PM Load dataset info from /home/dalexander/SynologyDrive/Repos/Tensorflow/Tensorflow_datasets/voc/2007/4.0.0
11/05/2021 07:00:40 PM Reusing dataset voc (/home/dalexander/SynologyDrive/Repos/Tensorflow/Tensorflow_datasets/voc/2007/4.0.0)
11/05/2021 07:00:40 PM Constructing tf.data.Dataset voc for split ['train', 'validation', 'test'], from /home/dalexander/SynologyDrive/Repos/Tensorflow/Tensorflow_datasets/voc/2007/4.0.0
11/05/2021 07:00:40 PM 
Class List:
['aeroplane', 'bicycle', 'bird', 'boat', 'bottle', 'bus', 'car', 'cat', 'chair', 'cow', 'diningtable', 'dog', 'horse', 'motorbike', 'person', 'pottedplant', 'sheep', 'sofa', 'train', 'tvmonitor', '']

11/05/2021 07:01:26 PM This message is a test for log level...DEBUG
11/05/2021 07:01:26 PM This message is a test for log level...INFO
11/05/2021 07:01:26 PM This message is a test for log level...WARNING
11/05/2021 07:01:26 PM This message is a test for log level...ERROR
11/05/2021 07:01:26 PM No config specified, defaulting to first: voc/2007
11/05/2021 07:01:26 PM Load dataset info from /home/dalexander/SynologyDrive/Repos/Tensorflow/Tensorflow_datasets/voc/2007/4.0.0
11/05/2021 07:01:26 PM Reusing dataset voc (/home/dalexander/SynologyDrive/Repos/Tensorflow/Tensorflow_datasets/voc/2007/4.0.0)
11/05/2021 07:01:26 PM Constructing tf.data.Dataset voc for split ['train', 'validation', 'test'], from /home/dalexander/SynologyDrive/Repos/Tensorflow/Tensorflow_datasets/voc/2007/4.0.0
11/05/2021 07:01:26 PM 
Class List:
['aeroplane', 'bicycle', 'bird', 'boat', 'bottle', 'bus', 'car', 'cat', 'chair', 'cow', 'diningtable', 'dog', 'horse', 'motorbike', 'person', 'pottedplant', 'sheep', 'sofa', 'train', 'tvmonitor', '']

11/05/2021 07:03:29 PM This message is a test for log level...DEBUG
11/05/2021 07:03:29 PM This message is a test for log level...INFO
11/05/2021 07:03:29 PM This message is a test for log level...WARNING
11/05/2021 07:03:29 PM This message is a test for log level...ERROR
11/05/2021 07:03:29 PM No config specified, defaulting to first: voc/2007
11/05/2021 07:03:29 PM Load dataset info from /home/dalexander/SynologyDrive/Repos/Tensorflow/Tensorflow_datasets/voc/2007/4.0.0
11/05/2021 07:03:29 PM Reusing dataset voc (/home/dalexander/SynologyDrive/Repos/Tensorflow/Tensorflow_datasets/voc/2007/4.0.0)
11/05/2021 07:03:29 PM Constructing tf.data.Dataset voc for split ['train', 'validation', 'test'], from /home/dalexander/SynologyDrive/Repos/Tensorflow/Tensorflow_datasets/voc/2007/4.0.0
11/05/2021 07:03:30 PM 
Class List:
['aeroplane', 'bicycle', 'bird', 'boat', 'bottle', 'bus', 'car', 'cat', 'chair', 'cow', 'diningtable', 'dog', 'horse', 'motorbike', 'person', 'pottedplant', 'sheep', 'sofa', 'train', 'tvmonitor', '']

11/05/2021 08:03:13 PM This message is a test for log level...DEBUG
11/05/2021 08:03:13 PM This message is a test for log level...INFO
11/05/2021 08:03:13 PM This message is a test for log level...WARNING
11/05/2021 08:03:13 PM This message is a test for log level...ERROR
11/05/2021 08:03:13 PM No config specified, defaulting to first: voc/2007
11/05/2021 08:03:13 PM Load dataset info from /home/dalexander/SynologyDrive/Repos/Tensorflow/Tensorflow_datasets/voc/2007/4.0.0
11/05/2021 08:03:13 PM Reusing dataset voc (/home/dalexander/SynologyDrive/Repos/Tensorflow/Tensorflow_datasets/voc/2007/4.0.0)
11/05/2021 08:03:13 PM Constructing tf.data.Dataset voc for split ['train', 'validation', 'test'], from /home/dalexander/SynologyDrive/Repos/Tensorflow/Tensorflow_datasets/voc/2007/4.0.0
11/05/2021 08:03:13 PM 
Class List:
['aeroplane', 'bicycle', 'bird', 'boat', 'bottle', 'bus', 'car', 'cat', 'chair', 'cow', 'diningtable', 'dog', 'horse', 'motorbike', 'person', 'pottedplant', 'sheep', 'sofa', 'train', 'tvmonitor', '']

11/05/2021 08:10:21 PM This message is a test for log level...DEBUG
11/05/2021 08:10:21 PM This message is a test for log level...INFO
11/05/2021 08:10:21 PM This message is a test for log level...WARNING
11/05/2021 08:10:21 PM This message is a test for log level...ERROR
11/05/2021 08:10:21 PM No config specified, defaulting to first: voc/2007
11/05/2021 08:10:21 PM Load dataset info from /home/dalexander/SynologyDrive/Repos/Tensorflow/Tensorflow_datasets/voc/2007/4.0.0
11/05/2021 08:10:21 PM Reusing dataset voc (/home/dalexander/SynologyDrive/Repos/Tensorflow/Tensorflow_datasets/voc/2007/4.0.0)
11/05/2021 08:10:21 PM Constructing tf.data.Dataset voc for split ['train', 'validation', 'test'], from /home/dalexander/SynologyDrive/Repos/Tensorflow/Tensorflow_datasets/voc/2007/4.0.0
11/05/2021 08:10:21 PM 
Class List:
['aeroplane', 'bicycle', 'bird', 'boat', 'bottle', 'bus', 'car', 'cat', 'chair', 'cow', 'diningtable', 'dog', 'horse', 'motorbike', 'person', 'pottedplant', 'sheep', 'sofa', 'train', 'tvmonitor', '']

11/05/2021 08:12:22 PM This message is a test for log level...DEBUG
11/05/2021 08:12:22 PM This message is a test for log level...INFO
11/05/2021 08:12:22 PM This message is a test for log level...WARNING
11/05/2021 08:12:22 PM This message is a test for log level...ERROR
11/05/2021 08:12:22 PM No config specified, defaulting to first: voc/2007
11/05/2021 08:12:22 PM Load dataset info from /home/dalexander/SynologyDrive/Repos/Tensorflow/Tensorflow_datasets/voc/2007/4.0.0
11/05/2021 08:12:22 PM Reusing dataset voc (/home/dalexander/SynologyDrive/Repos/Tensorflow/Tensorflow_datasets/voc/2007/4.0.0)
11/05/2021 08:12:22 PM Constructing tf.data.Dataset voc for split ['train', 'validation', 'test'], from /home/dalexander/SynologyDrive/Repos/Tensorflow/Tensorflow_datasets/voc/2007/4.0.0
11/05/2021 08:12:22 PM 
Class List:
['aeroplane', 'bicycle', 'bird', 'boat', 'bottle', 'bus', 'car', 'cat', 'chair', 'cow', 'diningtable', 'dog', 'horse', 'motorbike', 'person', 'pottedplant', 'sheep', 'sofa', 'train', 'tvmonitor', '']

